2021-12-15 20:37:20,499:INFO:ArduCopter V4.2.0-dev (69f4b25f)
2021-12-15 20:37:20,500:INFO:1db92809c2374770afd6398b2576dd84
2021-12-15 20:37:20,500:INFO:Frame: QUAD/PLUS
2021-12-15 20:37:21,195:INFO:Basic pre-arm checks
2021-12-15 20:37:21,196:INFO:Arming motors
2021-12-15 20:37:21,196:INFO: Waiting for arming...
2021-12-15 20:37:21,206:INFO:Arming motors
2021-12-15 20:37:22,197:INFO:Taking off!
2021-12-15 20:37:27,995:INFO:EKF3 IMU1 MAG0 in-flight yaw alignment complete
2021-12-15 20:37:28,001:INFO:EKF3 IMU0 MAG0 in-flight yaw alignment complete
2021-12-15 20:37:30,204:INFO:Reached target altitude
2021-12-15 20:37:30,204:INFO:Distance to target: 1.000000
2021-12-15 20:37:32,205:INFO:Distance to target: 0.576700
2021-12-15 20:37:34,207:INFO:Distance to target: 0.334997
2021-12-15 20:37:36,208:INFO:Distance to target: 0.268318
2021-12-15 20:37:38,210:INFO:Distance to target: 0.261615
2021-12-15 20:37:40,211:INFO:Distance to target: 0.268318
2021-12-15 20:37:42,213:INFO:Distance to target: 0.268318
2021-12-15 20:37:44,214:INFO:Distance to target: 0.268318
2021-12-15 20:37:46,216:INFO:Distance to target: 1.226243
2021-12-15 20:37:48,218:INFO:Distance to target: 0.469270
2021-12-15 20:37:50,220:INFO:Reached target
2021-12-15 20:37:50,221:INFO:Distance to target: 1.000000
2021-12-15 20:37:52,221:INFO:Distance to target: 0.663619
2021-12-15 20:37:54,224:INFO:Distance to target: 0.456803
2021-12-15 20:37:56,225:INFO:Distance to target: 0.381518
2021-12-15 20:37:58,227:INFO:Distance to target: 0.365991
2021-12-15 20:38:00,228:INFO:Distance to target: 0.344240
2021-12-15 20:38:02,229:INFO:Distance to target: 0.344240
2021-12-15 20:38:04,229:INFO:Distance to target: 0.350483
2021-12-15 20:38:06,231:INFO:Distance to target: 0.350483
2021-12-15 20:38:08,232:INFO:Distance to target: 0.356964
2021-12-15 20:38:10,235:INFO:Distance to target: 1.226243
2021-12-15 20:38:12,235:INFO:Distance to target: 0.491534
2021-12-15 20:38:14,236:INFO:Reached target
2021-12-15 20:38:14,236:INFO:Returning to Launch
2021-12-15 20:38:14,237:INFO:Close vehicle object
